app/build/outputs/logs/manifest-merger-release-report.txt
-- Merging decision tree log ---
manifest
ADDED from src\main\AndroidManifest.xml:2:1-310:12
	package
		ADDED from src\main\AndroidManifest.xml:3:5-35
		INJECTED from src\main\AndroidManifest.xml
		INJECTED from src\main\AndroidManifest.xml
	android:versionName
		INJECTED from src\main\AndroidManifest.xml
		INJECTED from src\main\AndroidManifest.xml
	xmlns:android
		ADDED from src\main\AndroidManifest.xml:2:11-69
	android:versionCode
		INJECTED from src\main\AndroidManifest.xml
		INJECTED from src\main\AndroidManifest.xml
uses-permission#android.permission.INTERNET
ADDED from src\main\AndroidManifest.xml:5:5-67
	android:name
		ADDED from src\main\AndroidManifest.xml:5:22-64
uses-permission#android.permission.ACCESS_WIFI_STATE
ADDED from src\main\AndroidManifest.xml:6:5-75
	android:name
		ADDED from src\main\AndroidManifest.xml:6:22-73
uses-permission#android.permission.WRITE_EXTERNAL_STORAGE
ADDED from src\main\AndroidManifest.xml:7:5-80
	android:name
		ADDED from src\main\AndroidManifest.xml:7:22-78
uses-permission#android.permission.CAMERA
ADDED from src\main\AndroidManifest.xml:8:5-64
	android:name
		ADDED from src\main\AndroidManifest.xml:8:22-62
uses-permission#android.permission.RECORD_AUDIO
ADDED from src\main\AndroidManifest.xml:9:5-70
	android:name
		ADDED from src\main\AndroidManifest.xml:9:22-68
uses-permission#android.permission.VIBRATE
ADDED from src\main\AndroidManifest.xml:11:5-65
	android:name
		ADDED from src\main\AndroidManifest.xml:11:22-63
uses-permission#android.hardware.camera
ADDED from src\main\AndroidManifest.xml:12:5-62
	android:name
		ADDED from src\main\AndroidManifest.xml:12:22-60
uses-permission#android.permission.FLASHLIGHT
ADDED from src\main\AndroidManifest.xml:13:5-68
	android:name
		ADDED from src\main\AndroidManifest.xml:13:22-66
uses-permission#android.permission.WAKE_LOCK
ADDED from src\main\AndroidManifest.xml:14:5-67
	android:name
		ADDED from src\main\AndroidManifest.xml:14:22-65
uses-permission#android.hardware.camera.autofocus
ADDED from src\main\AndroidManifest.xml:15:5-72
	android:name
		ADDED from src\main\AndroidManifest.xml:15:22-70
uses-permission#android.permission.READ_EXTERNAL_STORAGE
ADDED from src\main\AndroidManifest.xml:16:5-79
	android:name
		ADDED from src\main\AndroidManifest.xml:16:22-77
application
ADDED from src\main\AndroidManifest.xml:19:5-308:19
MERGED from [com.android.support.constraint:constraint-layout:1.0.2] AndroidManifest.xml:9:5-20
MERGED from [com.android.support:design:26.0.0-alpha1] AndroidManifest.xml:29:5-20
MERGED from [com.android.support:transition:26.0.0-alpha1] AndroidManifest.xml:26:5-20
MERGED from [com.kaopiz:kprogresshud:1.0.2] AndroidManifest.xml:11:5-13:38
MERGED from [com.lusfold.spinnerloading:library:1.0.0] AndroidManifest.xml:11:5-14:19
MERGED from [com.pnikosis:materialish-progress:1.7] AndroidManifest.xml:11:5-20
MERGED from [com.scwang.smartrefresh:SmartRefreshLayout:1.1.0-alpha-3] AndroidManifest.xml:11:5-15:19
MERGED from [com.scwang.smartrefresh:SmartRefreshHeader:1.1.0-alpha-3] AndroidManifest.xml:11:5-15:19
MERGED from [com.tbruyelle.rxpermissions:rxpermissions:0.9.4] AndroidManifest.xml:11:5-20
MERGED from [com.github.niorgai:StatusBarCompat:1.0.0] AndroidManifest.xml:11:5-15:19
MERGED from [com.android.support:appcompat-v7:26.0.0-alpha1] AndroidManifest.xml:29:5-20
MERGED from [com.android.support:support-v4:26.0.0-alpha1] AndroidManifest.xml:29:5-20
MERGED from [com.android.support:support-media-compat:26.0.0-alpha1] AndroidManifest.xml:29:5-20
MERGED from [com.android.support:support-fragment:26.0.0-alpha1] AndroidManifest.xml:29:5-20
MERGED from [com.android.support:support-core-ui:26.0.0-alpha1] AndroidManifest.xml:29:5-20
MERGED from [com.android.support:support-core-utils:26.0.0-alpha1] AndroidManifest.xml:29:5-20
MERGED from [com.android.support:animated-vector-drawable:26.0.0-alpha1] AndroidManifest.xml:26:5-20
MERGED from [com.android.support:support-vector-drawable:26.0.0-alpha1] AndroidManifest.xml:26:5-20
MERGED from [com.android.support:support-compat:26.0.0-alpha1] AndroidManifest.xml:29:5-20
	android:label
		ADDED from src\main\AndroidManifest.xml:23:9-41
	android:supportsRtl
		ADDED from src\main\AndroidManifest.xml:25:9-35
	android:roundIcon
		ADDED from src\main\AndroidManifest.xml:24:9-54
	android:allowBackup
		ADDED from src\main\AndroidManifest.xml:21:9-35
	android:icon
		ADDED from src\main\AndroidManifest.xml:22:9-41
	android:theme
		ADDED from src\main\AndroidManifest.xml:26:9-40
	android:name
		ADDED from src\main\AndroidManifest.xml:20:9-43
activity#com.runen.wnhz.runen.ui.activity.login.ChoiceIdentityActivity
ADDED from src\main\AndroidManifest.xml:28:9-34:20
	android:name
		ADDED from src\main\AndroidManifest.xml:28:19-75
intent-filter#android.intent.action.MAIN+android.intent.category.LAUNCHER
ADDED from src\main\AndroidManifest.xml:29:13-33:29
action#android.intent.action.MAIN
ADDED from src\main\AndroidManifest.xml:30:17-69
	android:name
		ADDED from src\main\AndroidManifest.xml:30:25-66
category#android.intent.category.LAUNCHER
ADDED from src\main\AndroidManifest.xml:32:17-77
	android:name
		ADDED from src\main\AndroidManifest.xml:32:27-74
activity#com.runen.wnhz.runen.ui.activity.main.MainActivity
ADDED from src\main\AndroidManifest.xml:36:9-41:73
	android:screenOrientation
		ADDED from src\main\AndroidManifest.xml:39:13-49
	android:launchMode
		ADDED from src\main\AndroidManifest.xml:38:13-44
	android:windowSoftInputMode
		ADDED from src\main\AndroidManifest.xml:41:13-70
	android:theme
		ADDED from src\main\AndroidManifest.xml:40:13-63
	android:name
		ADDED from src\main\AndroidManifest.xml:37:13-58
activity#com.runen.wnhz.runen.ui.activity.login.LoginForEnterpriseActivity
ADDED from src\main\AndroidManifest.xml:43:9-48:73
	android:screenOrientation
		ADDED from src\main\AndroidManifest.xml:46:13-49
	android:launchMode
		ADDED from src\main\AndroidManifest.xml:45:13-43
	android:windowSoftInputMode
		ADDED from src\main\AndroidManifest.xml:48:13-70
	android:theme
		ADDED from src\main\AndroidManifest.xml:47:13-63
	android:name
		ADDED from src\main\AndroidManifest.xml:44:13-73
activity#com.runen.wnhz.runen.ui.activity.login.LoginForPersonalActivity
ADDED from src\main\AndroidManifest.xml:49:9-54:73
	android:screenOrientation
		ADDED from src\main\AndroidManifest.xml:52:13-49
	android:launchMode
		ADDED from src\main\AndroidManifest.xml:51:13-43
	android:windowSoftInputMode
		ADDED from src\main\AndroidManifest.xml:54:13-70
	android:theme
		ADDED from src\main\AndroidManifest.xml:53:13-63
	android:name
		ADDED from src\main\AndroidManifest.xml:50:13-71
activity#com.runen.wnhz.runen.ui.activity.login.RegisterActivity
ADDED from src\main\AndroidManifest.xml:55:9-60:73
	android:screenOrientation
		ADDED from src\main\AndroidManifest.xml:58:13-49
	android:launchMode
		ADDED from src\main\AndroidManifest.xml:57:13-43
	android:windowSoftInputMode
		ADDED from src\main\AndroidManifest.xml:60:13-70
	android:theme
		ADDED from src\main\AndroidManifest.xml:59:13-63
	android:name
		ADDED from src\main\AndroidManifest.xml:56:13-63
activity#com.runen.wnhz.runen.ui.activity.login.ForgetPasswordActivity
ADDED from src\main\AndroidManifest.xml:61:9-66:73
	android:screenOrientation
		ADDED from src\main\AndroidManifest.xml:64:13-49
	android:launchMode
		ADDED from src\main\AndroidManifest.xml:63:13-43
	android:windowSoftInputMode
		ADDED from src\main\AndroidManifest.xml:66:13-70
	android:theme
		ADDED from src\main\AndroidManifest.xml:65:13-63
	android:name
		ADDED from src\main\AndroidManifest.xml:62:13-69
activity#com.runen.wnhz.runen.ui.activity.login.LoginForVcodeActivity
ADDED from src\main\AndroidManifest.xml:67:9-72:73
	android:screenOrientation
		ADDED from src\main\AndroidManifest.xml:70:13-49
	android:launchMode
		ADDED from src\main\AndroidManifest.xml:69:13-43
	android:windowSoftInputMode
		ADDED from src\main\AndroidManifest.xml:72:13-70
	android:theme
		ADDED from src\main\AndroidManifest.xml:71:13-63
	android:name
		ADDED from src\main\AndroidManifest.xml:68:13-68
activity#com.runen.wnhz.runen.ui.activity.major.CourseDetailsActivity
ADDED from src\main\AndroidManifest.xml:74:9-80:73
	android:screenOrientation
		ADDED from src\main\AndroidManifest.xml:78:13-49
	android:launchMode
		ADDED from src\main\AndroidManifest.xml:77:13-43
	android:windowSoftInputMode
		ADDED from src\main\AndroidManifest.xml:80:13-70
	android:configChanges
		ADDED from src\main\AndroidManifest.xml:76:13-74
	android:theme
		ADDED from src\main\AndroidManifest.xml:79:13-63
	android:name
		ADDED from src\main\AndroidManifest.xml:75:13-68
activity#com.runen.wnhz.runen.ui.activity.mine.AccountSettingActivity
ADDED from src\main\AndroidManifest.xml:82:9-87:73
	android:screenOrientation
		ADDED from src\main\AndroidManifest.xml:85:13-49
	android:launchMode
		ADDED from src\main\AndroidManifest.xml:84:13-43
	android:windowSoftInputMode
		ADDED from src\main\AndroidManifest.xml:87:13-70
	android:theme
		ADDED from src\main\AndroidManifest.xml:86:13-63
	android:name
		ADDED from src\main\AndroidManifest.xml:83:13-68
activity#com.runen.wnhz.runen.ui.activity.mine.FeedbackActivity
ADDED from src\main\AndroidManifest.xml:89:9-94:73
	android:screenOrientation
		ADDED from src\main\AndroidManifest.xml:92:13-49
	android:launchMode
		ADDED from src\main\AndroidManifest.xml:91:13-43
	android:windowSoftInputMode
		ADDED from src\main\AndroidManifest.xml:94:13-70
	android:theme
		ADDED from src\main\AndroidManifest.xml:93:13-63
	android:name
		ADDED from src\main\AndroidManifest.xml:90:13-62
activity#com.runen.wnhz.runen.ui.activity.mine.PersonalCenterActivity
ADDED from src\main\AndroidManifest.xml:96:9-101:73
	android:screenOrientation
		ADDED from src\main\AndroidManifest.xml:99:13-49
	android:launchMode
		ADDED from src\main\AndroidManifest.xml:98:13-43
	android:windowSoftInputMode
		ADDED from src\main\AndroidManifest.xml:101:13-70
	android:theme
		ADDED from src\main\AndroidManifest.xml:100:13-63
	android:name
		ADDED from src\main\AndroidManifest.xml:97:13-68
activity#com.runen.wnhz.runen.ui.activity.mine.ReceivingAddressActivity
ADDED from src\main\AndroidManifest.xml:103:9-108:73
	android:screenOrientation
		ADDED from src\main\AndroidManifest.xml:106:13-49
	android:launchMode
		ADDED from src\main\AndroidManifest.xml:105:13-43
	android:windowSoftInputMode
		ADDED from src\main\AndroidManifest.xml:108:13-70
	android:theme
		ADDED from src\main\AndroidManifest.xml:107:13-63
	android:name
		ADDED from src\main\AndroidManifest.xml:104:13-70
activity#com.runen.wnhz.runen.ui.activity.mine.EditAddressActivity
ADDED from src\main\AndroidManifest.xml:110:9-115:73
	android:screenOrientation
		ADDED from src\main\AndroidManifest.xml:113:13-49
	android:launchMode
		ADDED from src\main\AndroidManifest.xml:112:13-43
	android:windowSoftInputMode
		ADDED from src\main\AndroidManifest.xml:115:13-70
	android:theme
		ADDED from src\main\AndroidManifest.xml:114:13-63
	android:name
		ADDED from src\main\AndroidManifest.xml:111:13-65
activity#com.runen.wnhz.runen.ui.activity.mine.PersonalDataActivity
ADDED from src\main\AndroidManifest.xml:117:9-122:73
	android:screenOrientation
		ADDED from src\main\AndroidManifest.xml:120:13-49
	android:launchMode
		ADDED from src\main\AndroidManifest.xml:119:13-43
	android:windowSoftInputMode
		ADDED from src\main\AndroidManifest.xml:122:13-70
	android:theme
		ADDED from src\main\AndroidManifest.xml:121:13-63
	android:name
		ADDED from src\main\AndroidManifest.xml:118:13-66
activity#com.runen.wnhz.runen.ui.activity.mine.ChangePasswordActivity
ADDED from src\main\AndroidManifest.xml:124:9-129:73
	android:screenOrientation
		ADDED from src\main\AndroidManifest.xml:127:13-49
	android:launchMode
		ADDED from src\main\AndroidManifest.xml:126:13-43
	android:windowSoftInputMode
		ADDED from src\main\AndroidManifest.xml:129:13-70
	android:theme
		ADDED from src\main\AndroidManifest.xml:128:13-63
	android:name
		ADDED from src\main\AndroidManifest.xml:125:13-68
activity#com.runen.wnhz.runen.ui.activity.mine.AddAddressActivity
ADDED from src\main\AndroidManifest.xml:131:9-136:73
	android:screenOrientation
		ADDED from src\main\AndroidManifest.xml:134:13-49
	android:launchMode
		ADDED from src\main\AndroidManifest.xml:133:13-43
	android:windowSoftInputMode
		ADDED from src\main\AndroidManifest.xml:136:13-70
	android:theme
		ADDED from src\main\AndroidManifest.xml:135:13-63
	android:name
		ADDED from src\main\AndroidManifest.xml:132:13-64
activity#com.runen.wnhz.runen.ui.activity.mine.MyOrderActivity
ADDED from src\main\AndroidManifest.xml:138:9-143:73
	android:screenOrientation
		ADDED from src\main\AndroidManifest.xml:141:13-49
	android:launchMode
		ADDED from src\main\AndroidManifest.xml:140:13-43
	android:windowSoftInputMode
		ADDED from src\main\AndroidManifest.xml:143:13-70
	android:theme
		ADDED from src\main\AndroidManifest.xml:142:13-63
	android:name
		ADDED from src\main\AndroidManifest.xml:139:13-61
activity#com.runen.wnhz.runen.ui.activity.mine.MessageCenterActivity
ADDED from src\main\AndroidManifest.xml:145:9-150:73
	android:screenOrientation
		ADDED from src\main\AndroidManifest.xml:148:13-49
	android:launchMode
		ADDED from src\main\AndroidManifest.xml:147:13-43
	android:windowSoftInputMode
		ADDED from src\main\AndroidManifest.xml:150:13-70
	android:theme
		ADDED from src\main\AndroidManifest.xml:149:13-63
	android:name
		ADDED from src\main\AndroidManifest.xml:146:13-67
activity#com.runen.wnhz.runen.ui.activity.mine.BalanceActivity
ADDED from src\main\AndroidManifest.xml:152:9-157:73
	android:screenOrientation
		ADDED from src\main\AndroidManifest.xml:155:13-49
	android:launchMode
		ADDED from src\main\AndroidManifest.xml:154:13-43
	android:windowSoftInputMode
		ADDED from src\main\AndroidManifest.xml:157:13-70
	android:theme
		ADDED from src\main\AndroidManifest.xml:156:13-63
	android:name
		ADDED from src\main\AndroidManifest.xml:153:13-61
activity#com.runen.wnhz.runen.ui.activity.mine.MyCollectionActivity
ADDED from src\main\AndroidManifest.xml:159:9-164:73
	android:screenOrientation
		ADDED from src\main\AndroidManifest.xml:162:13-49
	android:launchMode
		ADDED from src\main\AndroidManifest.xml:161:13-43
	android:windowSoftInputMode
		ADDED from src\main\AndroidManifest.xml:164:13-70
	android:theme
		ADDED from src\main\AndroidManifest.xml:163:13-63
	android:name
		ADDED from src\main\AndroidManifest.xml:160:13-66
activity#com.runen.wnhz.runen.ui.activity.mine.ClassCenterActivity
ADDED from src\main\AndroidManifest.xml:166:9-171:73
	android:screenOrientation
		ADDED from src\main\AndroidManifest.xml:169:13-49
	android:launchMode
		ADDED from src\main\AndroidManifest.xml:168:13-43
	android:windowSoftInputMode
		ADDED from src\main\AndroidManifest.xml:171:13-70
	android:theme
		ADDED from src\main\AndroidManifest.xml:170:13-63
	android:name
		ADDED from src\main\AndroidManifest.xml:167:13-65
activity#com.runen.wnhz.runen.ui.activity.mine.MyEvaluationActivity
ADDED from src\main\AndroidManifest.xml:173:9-178:73
	android:screenOrientation
		ADDED from src\main\AndroidManifest.xml:176:13-49
	android:launchMode
		ADDED from src\main\AndroidManifest.xml:175:13-43
	android:windowSoftInputMode
		ADDED from src\main\AndroidManifest.xml:178:13-70
	android:theme
		ADDED from src\main\AndroidManifest.xml:177:13-63
	android:name
		ADDED from src\main\AndroidManifest.xml:174:13-66
activity#com.runen.wnhz.runen.ui.activity.mine.AchievementActivity
ADDED from src\main\AndroidManifest.xml:180:9-185:73
	android:screenOrientation
		ADDED from src\main\AndroidManifest.xml:183:13-49
	android:launchMode
		ADDED from src\main\AndroidManifest.xml:182:13-43
	android:windowSoftInputMode
		ADDED from src\main\AndroidManifest.xml:185:13-70
	android:theme
		ADDED from src\main\AndroidManifest.xml:184:13-63
	android:name
		ADDED from src\main\AndroidManifest.xml:181:13-65
activity#com.runen.wnhz.runen.ui.activity.mine.TestRecordActivity
ADDED from src\main\AndroidManifest.xml:187:9-192:73
	android:screenOrientation
		ADDED from src\main\AndroidManifest.xml:190:13-49
	android:launchMode
		ADDED from src\main\AndroidManifest.xml:189:13-43
	android:windowSoftInputMode
		ADDED from src\main\AndroidManifest.xml:192:13-70
	android:theme
		ADDED from src\main\AndroidManifest.xml:191:13-63
	android:name
		ADDED from src\main\AndroidManifest.xml:188:13-64
activity#com.runen.wnhz.runen.ui.activity.mine.TestActivity
ADDED from src\main\AndroidManifest.xml:194:9-199:73
	android:screenOrientation
		ADDED from src\main\AndroidManifest.xml:197:13-49
	android:launchMode
		ADDED from src\main\AndroidManifest.xml:196:13-43
	android:windowSoftInputMode
		ADDED from src\main\AndroidManifest.xml:199:13-70
	android:theme
		ADDED from src\main\AndroidManifest.xml:198:13-63
	android:name
		ADDED from src\main\AndroidManifest.xml:195:13-58
activity#com.runen.wnhz.runen.ui.activity.mine.TestMainActivity
ADDED from src\main\AndroidManifest.xml:201:9-206:73
	android:screenOrientation
		ADDED from src\main\AndroidManifest.xml:204:13-49
	android:launchMode
		ADDED from src\main\AndroidManifest.xml:203:13-43
	android:windowSoftInputMode
		ADDED from src\main\AndroidManifest.xml:206:13-70
	android:theme
		ADDED from src\main\AndroidManifest.xml:205:13-63
	android:name
		ADDED from src\main\AndroidManifest.xml:202:13-62
activity#com.runen.wnhz.runen.ui.activity.ArticleListActivity
ADDED from src\main\AndroidManifest.xml:209:9-213:72
	android:screenOrientation
		ADDED from src\main\AndroidManifest.xml:211:13-49
	android:launchMode
		ADDED from src\main\AndroidManifest.xml:210:13-43
	android:windowSoftInputMode
		ADDED from src\main\AndroidManifest.xml:213:13-70
	android:theme
		ADDED from src\main\AndroidManifest.xml:212:13-63
	android:name
		ADDED from src\main\AndroidManifest.xml:209:19-66
activity#com.runen.wnhz.runen.ui.activity.dataservice.DataSerciceDetails
ADDED from src\main\AndroidManifest.xml:216:9-220:72
	android:screenOrientation
		ADDED from src\main\AndroidManifest.xml:218:13-49
	android:launchMode
		ADDED from src\main\AndroidManifest.xml:217:13-43
	android:windowSoftInputMode
		ADDED from src\main\AndroidManifest.xml:220:13-70
	android:theme
		ADDED from src\main\AndroidManifest.xml:219:13-63
	android:name
		ADDED from src\main\AndroidManifest.xml:216:19-77
activity#com.runen.wnhz.runen.ui.activity.major.CurrDetailsActivity
ADDED from src\main\AndroidManifest.xml:222:9-226:72
	android:screenOrientation
		ADDED from src\main\AndroidManifest.xml:224:13-49
	android:launchMode
		ADDED from src\main\AndroidManifest.xml:223:13-43
	android:windowSoftInputMode
		ADDED from src\main\AndroidManifest.xml:226:13-70
	android:theme
		ADDED from src\main\AndroidManifest.xml:225:13-63
	android:name
		ADDED from src\main\AndroidManifest.xml:222:19-72
activity#com.runen.wnhz.runen.ui.activity.mine.ErrorBackActivity
ADDED from src\main\AndroidManifest.xml:230:9-234:72
	android:screenOrientation
		ADDED from src\main\AndroidManifest.xml:232:13-49
	android:launchMode
		ADDED from src\main\AndroidManifest.xml:231:13-43
	android:windowSoftInputMode
		ADDED from src\main\AndroidManifest.xml:234:13-70
	android:theme
		ADDED from src\main\AndroidManifest.xml:233:13-63
	android:name
		ADDED from src\main\AndroidManifest.xml:230:19-69
activity#com.runen.wnhz.runen.ui.activity.mine.StartTestActivity
ADDED from src\main\AndroidManifest.xml:237:9-241:72
	android:screenOrientation
		ADDED from src\main\AndroidManifest.xml:239:13-49
	android:launchMode
		ADDED from src\main\AndroidManifest.xml:238:13-43
	android:windowSoftInputMode
		ADDED from src\main\AndroidManifest.xml:241:13-70
	android:theme
		ADDED from src\main\AndroidManifest.xml:240:13-63
	android:name
		ADDED from src\main\AndroidManifest.xml:237:19-69
activity#com.runen.wnhz.runen.ui.activity.personal.UploadImageActivity
ADDED from src\main\AndroidManifest.xml:244:9-248:72
	android:screenOrientation
		ADDED from src\main\AndroidManifest.xml:246:13-49
	android:launchMode
		ADDED from src\main\AndroidManifest.xml:245:13-43
	android:windowSoftInputMode
		ADDED from src\main\AndroidManifest.xml:248:13-70
	android:theme
		ADDED from src\main\AndroidManifest.xml:247:13-63
	android:name
		ADDED from src\main\AndroidManifest.xml:244:19-75
activity#com.runen.wnhz.runen.ui.activity.login.VerificationActivity
ADDED from src\main\AndroidManifest.xml:252:9-256:72
	android:screenOrientation
		ADDED from src\main\AndroidManifest.xml:254:13-49
	android:launchMode
		ADDED from src\main\AndroidManifest.xml:253:13-43
	android:windowSoftInputMode
		ADDED from src\main\AndroidManifest.xml:256:13-70
	android:theme
		ADDED from src\main\AndroidManifest.xml:255:13-63
	android:name
		ADDED from src\main\AndroidManifest.xml:252:19-73
activity#com.runen.wnhz.runen.ui.activity.login.ForgetActivity
ADDED from src\main\AndroidManifest.xml:260:9-264:73
	android:screenOrientation
		ADDED from src\main\AndroidManifest.xml:262:13-49
	android:launchMode
		ADDED from src\main\AndroidManifest.xml:261:13-43
	android:windowSoftInputMode
		ADDED from src\main\AndroidManifest.xml:264:13-70
	android:theme
		ADDED from src\main\AndroidManifest.xml:263:13-63
	android:name
		ADDED from src\main\AndroidManifest.xml:260:19-67
activity#com.runen.wnhz.runen.ui.activity.WebViewActivity
ADDED from src\main\AndroidManifest.xml:267:9-271:72
	android:screenOrientation
		ADDED from src\main\AndroidManifest.xml:269:13-49
	android:launchMode
		ADDED from src\main\AndroidManifest.xml:268:13-43
	android:windowSoftInputMode
		ADDED from src\main\AndroidManifest.xml:271:13-70
	android:theme
		ADDED from src\main\AndroidManifest.xml:270:13-63
	android:name
		ADDED from src\main\AndroidManifest.xml:267:19-62
activity#com.runen.wnhz.runen.ui.activity.mine.UpdateNameActivity
ADDED from src\main\AndroidManifest.xml:275:9-279:72
	android:screenOrientation
		ADDED from src\main\AndroidManifest.xml:277:13-49
	android:launchMode
		ADDED from src\main\AndroidManifest.xml:276:13-43
	android:windowSoftInputMode
		ADDED from src\main\AndroidManifest.xml:279:13-70
	android:theme
		ADDED from src\main\AndroidManifest.xml:278:13-63
	android:name
		ADDED from src\main\AndroidManifest.xml:275:19-70
activity#com.runen.wnhz.runen.wxapi.WXEntryActivity
ADDED from src\main\AndroidManifest.xml:283:9-289:52
	android:screenOrientation
		ADDED from src\main\AndroidManifest.xml:289:13-49
	android:launchMode
		ADDED from src\main\AndroidManifest.xml:287:13-44
	android:exported
		ADDED from src\main\AndroidManifest.xml:288:13-36
	android:configChanges
		ADDED from src\main\AndroidManifest.xml:286:13-74
	android:theme
		ADDED from src\main\AndroidManifest.xml:285:13-72
	android:name
		ADDED from src\main\AndroidManifest.xml:284:13-70
activity#com.runen.wnhz.runen.ui.activity.login.WebViewActivity
ADDED from src\main\AndroidManifest.xml:291:9-295:72
	android:screenOrientation
		ADDED from src\main\AndroidManifest.xml:293:13-49
	android:launchMode
		ADDED from src\main\AndroidManifest.xml:292:13-43
	android:windowSoftInputMode
		ADDED from src\main\AndroidManifest.xml:295:13-70
	android:theme
		ADDED from src\main\AndroidManifest.xml:294:13-63
	android:name
		ADDED from src\main\AndroidManifest.xml:291:19-68
activity#com.runen.wnhz.runen.wxapi.WXPayEntryActivity
ADDED from src\main\AndroidManifest.xml:296:9-297:38
	android:exported
		ADDED from src\main\AndroidManifest.xml:297:13-36
	android:name
		ADDED from src\main\AndroidManifest.xml:296:19-79
provider#android.support.v4.content.FileProvider
ADDED from src\main\AndroidManifest.xml:299:9-307:20
	android:authorities
		ADDED from src\main\AndroidManifest.xml:301:13-55
	android:grantUriPermissions
		ADDED from src\main\AndroidManifest.xml:303:13-47
	android:exported
		ADDED from src\main\AndroidManifest.xml:302:13-37
	android:name
		ADDED from src\main\AndroidManifest.xml:300:13-67
meta-data#android.support.FILE_PROVIDER_PATHS
ADDED from src\main\AndroidManifest.xml:304:13-306:54
	android:resource
		ADDED from src\main\AndroidManifest.xml:306:17-51
	android:name
		ADDED from src\main\AndroidManifest.xml:305:17-67
uses-sdk
INJECTED from src\main\AndroidManifest.xml reason: use-sdk injection requested
MERGED from [com.android.support:multidex:1.0.1] AndroidManifest.xml:18:5-42
MERGED from [com.android.support.constraint:constraint-layout:1.0.2] AndroidManifest.xml:5:5-7:41
MERGED from [com.android.support:design:26.0.0-alpha1] AndroidManifest.xml:21:5-23:62
MERGED from [com.android.support:recyclerview-v7:26.0.0-alpha1] AndroidManifest.xml:20:5-44
MERGED from [com.android.support:transition:26.0.0-alpha1] AndroidManifest.xml:20:5-44
MERGED from [com.orhanobut:logger:1.15] AndroidManifest.xml:6:5-43
MERGED from [io.reactivex:rxandroid:1.2.1] AndroidManifest.xml:19:5-43
MERGED from [org.simple:androideventbus:1.0.5.1] AndroidManifest.xml:7:5-9:40
MERGED from [jp.wasabeef:glide-transformations:2.0.1] AndroidManifest.xml:8:5-10:41
MERGED from [com.kaopiz:kprogresshud:1.0.2] AndroidManifest.xml:7:5-9:41
MERGED from [com.lusfold.spinnerloading:library:1.0.0] AndroidManifest.xml:7:5-9:41
MERGED from [com.pnikosis:materialish-progress:1.7] AndroidManifest.xml:7:5-9:41
MERGED from [com.jakewharton:butterknife:8.4.0] AndroidManifest.xml:5:5-43
MERGED from [cn.jzvd:jiaozivideoplayer:6.2.9] AndroidManifest.xml:7:5-9:41
MERGED from [com.scwang.smartrefresh:SmartRefreshLayout:1.1.0-alpha-3] AndroidManifest.xml:7:5-9:41
MERGED from [com.scwang.smartrefresh:SmartRefreshHeader:1.1.0-alpha-3] AndroidManifest.xml:7:5-9:41
MERGED from [com.youth.banner:banner:1.4.9] AndroidManifest.xml:7:5-9:41
MERGED from [com.yqritc:recyclerview-flexibledivider:1.4.0] AndroidManifest.xml:8:5-10:41
MERGED from [com.contrarywind:Android-PickerView:3.2.5] AndroidManifest.xml:7:5-9:41
MERGED from [com.tbruyelle.rxpermissions:rxpermissions:0.9.4] AndroidManifest.xml:7:5-9:41
MERGED from [com.github.niorgai:StatusBarCompat:1.0.0] AndroidManifest.xml:7:5-9:41
MERGED from [com.android.support:appcompat-v7:26.0.0-alpha1] AndroidManifest.xml:21:5-23:78
MERGED from [com.android.support:support-v4:26.0.0-alpha1] AndroidManifest.xml:21:5-23:54
MERGED from [com.android.support:support-media-compat:26.0.0-alpha1] AndroidManifest.xml:21:5-23:63
MERGED from [com.android.support:support-fragment:26.0.0-alpha1] AndroidManifest.xml:21:5-23:60
MERGED from [com.android.support:support-core-ui:26.0.0-alpha1] AndroidManifest.xml:21:5-23:58
MERGED from [com.android.support:support-core-utils:26.0.0-alpha1] AndroidManifest.xml:21:5-23:61
MERGED from [com.android.support:animated-vector-drawable:26.0.0-alpha1] AndroidManifest.xml:20:5-44
MERGED from [com.android.support:support-vector-drawable:26.0.0-alpha1] AndroidManifest.xml:20:5-44
MERGED from [com.android.support:support-compat:26.0.0-alpha1] AndroidManifest.xml:21:5-23:58
	tools:overrideLibrary
		ADDED from [com.android.support:design:26.0.0-alpha1] AndroidManifest.xml:23:9-59
	android:targetSdkVersion
		INJECTED from src\main\AndroidManifest.xml
		INJECTED from src\main\AndroidManifest.xml
	android:minSdkVersion
		INJECTED from src\main\AndroidManifest.xml
		INJECTED from src\main\AndroidManifest.xml
meta-data#android.support.VERSION
ADDED from [com.android.support:design:26.0.0-alpha1] AndroidManifest.xml:25:5-27:41
MERGED from [com.android.support:recyclerview-v7:26.0.0-alpha1] AndroidManifest.xml:22:5-24:41
MERGED from [com.android.support:transition:26.0.0-alpha1] AndroidManifest.xml:22:5-24:41
MERGED from [com.android.support:appcompat-v7:26.0.0-alpha1] AndroidManifest.xml:25:5-27:41
MERGED from [com.android.support:support-v4:26.0.0-alpha1] AndroidManifest.xml:25:5-27:41
MERGED from [com.android.support:support-media-compat:26.0.0-alpha1] AndroidManifest.xml:25:5-27:41
MERGED from [com.android.support:support-fragment:26.0.0-alpha1] AndroidManifest.xml:25:5-27:41
MERGED from [com.android.support:support-core-ui:26.0.0-alpha1] AndroidManifest.xml:25:5-27:41
MERGED from [com.android.support:support-core-utils:26.0.0-alpha1] AndroidManifest.xml:25:5-27:41
MERGED from [com.android.support:animated-vector-drawable:26.0.0-alpha1] AndroidManifest.xml:22:5-24:41
MERGED from [com.android.support:support-vector-drawable:26.0.0-alpha1] AndroidManifest.xml:22:5-24:41
MERGED from [com.android.support:support-compat:26.0.0-alpha1] AndroidManifest.xml:25:5-27:41
	android:value
		ADDED from [com.android.support:design:26.0.0-alpha1] AndroidManifest.xml:27:9-38
	android:name
		ADDED from [com.android.support:design:26.0.0-alpha1] AndroidManifest.xml:26:9-47
uses-permission#android.permission.ACCESS_NETWORK_STATE
ADDED from [cn.jzvd:jiaozivideoplayer:6.2.9] AndroidManifest.xml:11:5-79
	android:name
		ADDED from [cn.jzvd:jiaozivideoplayer:6.2.9] AndroidManifest.xml:11:22-76